#
# There is insufficient memory for the Java Runtime Environment to continue.
# Native memory allocation (malloc) failed to allocate 289296 bytes for Chunk::new
# Possible reasons:
#   The system is out of physical RAM or swap space
#   The process is running with CompressedOops enabled, and the Java Heap may be blocking the growth of the native heap
# Possible solutions:
#   Reduce memory load on the system
#   Increase physical memory or swap space
#   Check if swap backing store is full
#   Decrease Java heap size (-Xmx/-Xms)
#   Decrease number of Java threads
#   Decrease Java thread stack sizes (-Xss)
#   Set larger code cache with -XX:ReservedCodeCacheSize=
#   JVM is running with Unscaled Compressed Oops mode in which the Java heap is
#     placed in the first 4GB address space. The Java Heap base address is the
#     maximum limit for the native heap growth. Please use -XX:HeapBaseMinAddress
#     to set the Java Heap base and to place the Java Heap above 4GB virtual address.
# This output file may be truncated or incomplete.
#
#  Out of Memory Error (arena.cpp:189), pid=4444, tid=2708
#
# JRE version: OpenJDK Runtime Environment Temurin-17.0.1+12 (17.0.1+12) (build 17.0.1+12)
# Java VM: OpenJDK 64-Bit Server VM Temurin-17.0.1+12 (17.0.1+12, mixed mode, tiered, compressed oops, compressed class ptrs, g1 gc, windows-amd64)
# No core dump will be written. Minidumps are not enabled by default on client versions of Windows
#

---------------  S U M M A R Y ------------

Command Line: -ea -Dfile.encoding=Cp1252 -XX:+ShowCodeDetailsInExceptionMessages org.testng.remote.RemoteTestNG -serport 50773 -protocol json -d C:\Users\shree\Downloads\PolicybossCar\test-output C:\Users\shree\AppData\Local\Temp\testng-eclipse--882625886\testng-customsuite.xml

Host: Intel(R) Core(TM)2 Duo CPU     E7400  @ 2.80GHz, 2 cores, 1G,  Windows 7 , 64 bit Build 7601 (6.1.7601.24545)
Time: Sun Jan 16 18:21:49 2022 India Standard Time elapsed time: 111.073739 seconds (0d 0h 1m 51s)

---------------  T H R E A D  ---------------

Current thread (0x0000000018da42f0):  JavaThread "C2 CompilerThread0" daemon [_thread_in_native, id=2708, stack(0x000000005a360000,0x000000005a460000)]


Current CompileTask:
C2: 111073 2576   !   4       java.util.concurrent.ConcurrentHashMap::putVal (432 bytes)

Stack: [0x000000005a360000,0x000000005a460000]
Native frames: (J=compiled Java code, j=interpreted, Vv=VM code, C=native code)
V  [jvm.dll+0x6744da]
V  [jvm.dll+0x82e144]
V  [jvm.dll+0x82f8ee]
V  [jvm.dll+0x82ff53]
V  [jvm.dll+0x245175]
V  [jvm.dll+0xab85b]
V  [jvm.dll+0xabdec]
V  [jvm.dll+0x362eb2]
V  [jvm.dll+0x32d4c1]
V  [jvm.dll+0x32c96a]
V  [jvm.dll+0x218031]
V  [jvm.dll+0x217451]
V  [jvm.dll+0x1a355d]
V  [jvm.dll+0x226e38]
V  [jvm.dll+0x224f7c]
V  [jvm.dll+0x7e3f5b]
V  [jvm.dll+0x7de51a]
V  [jvm.dll+0x673305]
C  [ucrtbase.DLL+0x1c1ae]
C  [kernel32.dll+0x1556d]
C  [ntdll.dll+0x5372d]


---------------  P R O C E S S  ---------------

Threads class SMR info:
_java_thread_list=0x000000005bbfc5f0, length=22, elements={
0x00000000004351f0, 0x0000000016797490, 0x0000000018d82d80, 0x0000000018da18c0,
0x0000000018da2180, 0x0000000018da2a40, 0x0000000018da3300, 0x0000000018da42f0,
0x0000000018d95000, 0x0000000018def6b0, 0x000000005a875310, 0x000000005a883450,
0x000000005b832460, 0x000000005bee34f0, 0x000000005bd12120, 0x000000005bd13670,
0x000000005bdcb010, 0x000000005bdcb4e0, 0x000000005bdcb9b0, 0x000000005bdcbe80,
0x000000005bdcc350, 0x000000005bdcc820
}

Java Threads: ( => current thread )
  0x00000000004351f0 JavaThread "main" [_thread_in_vm, id=5244, stack(0x0000000002160000,0x0000000002260000)]
  0x0000000016797490 JavaThread "Reference Handler" daemon [_thread_blocked, id=5664, stack(0x0000000018ef0000,0x0000000018ff0000)]
  0x0000000018d82d80 JavaThread "Finalizer" daemon [_thread_blocked, id=3352, stack(0x00000000599d0000,0x0000000059ad0000)]
  0x0000000018da18c0 JavaThread "Signal Dispatcher" daemon [_thread_blocked, id=2640, stack(0x0000000059bc0000,0x0000000059cc0000)]
  0x0000000018da2180 JavaThread "Attach Listener" daemon [_thread_blocked, id=2140, stack(0x0000000059cd0000,0x0000000059dd0000)]
  0x0000000018da2a40 JavaThread "Service Thread" daemon [_thread_blocked, id=2012, stack(0x0000000059eb0000,0x0000000059fb0000)]
  0x0000000018da3300 JavaThread "Monitor Deflation Thread" daemon [_thread_blocked, id=4088, stack(0x000000005a120000,0x000000005a220000)]
=>0x0000000018da42f0 JavaThread "C2 CompilerThread0" daemon [_thread_in_native, id=2708, stack(0x000000005a360000,0x000000005a460000)]
  0x0000000018d95000 JavaThread "C1 CompilerThread0" daemon [_thread_in_vm, id=3196, stack(0x000000005a4f0000,0x000000005a5f0000)]
  0x0000000018def6b0 JavaThread "Sweeper thread" daemon [_thread_blocked, id=2168, stack(0x000000005a5f0000,0x000000005a6f0000)]
  0x000000005a875310 JavaThread "Notification Thread" daemon [_thread_blocked, id=4120, stack(0x000000005ab40000,0x000000005ac40000)]
  0x000000005a883450 JavaThread "Common-Cleaner" daemon [_thread_blocked, id=4124, stack(0x0000000018ad0000,0x0000000018bd0000)]
  0x000000005b832460 JavaThread "ReaderThread" [_thread_in_native, id=3380, stack(0x000000005d410000,0x000000005d510000)]
  0x000000005bee34f0 JavaThread "Exec Default Executor" daemon [_thread_in_native, id=4652, stack(0x000000005c920000,0x000000005ca20000)]
  0x000000005bd12120 JavaThread "Exec Stream Pumper" daemon [_thread_in_native, id=3300, stack(0x000000005d8f0000,0x000000005d9f0000)]
  0x000000005bd13670 JavaThread "Exec Stream Pumper" daemon [_thread_in_native, id=1372, stack(0x000000005d9f0000,0x000000005daf0000)]
  0x000000005bdcb010 JavaThread "OkHttp ConnectionPool" daemon [_thread_blocked, id=5932, stack(0x000000005e460000,0x000000005e560000)]
  0x000000005bdcb4e0 JavaThread "Okio Watchdog" daemon [_thread_blocked, id=5900, stack(0x000000005daf0000,0x000000005dbf0000)]
  0x000000005bdcb9b0 JavaThread "Exec Default Executor" daemon [_thread_in_native, id=2256, stack(0x000000005d620000,0x000000005d720000)]
  0x000000005bdcbe80 JavaThread "UrlChecker-3" daemon [_thread_blocked, id=4764, stack(0x000000005fad0000,0x000000005fbd0000)]
  0x000000005bdcc350 JavaThread "Exec Stream Pumper" daemon [_thread_in_native, id=3208, stack(0x00000000604a0000,0x00000000605a0000)]
  0x000000005bdcc820 JavaThread "Exec Stream Pumper" daemon [_thread_in_native, id=4908, stack(0x000000005e5a0000,0x000000005e6a0000)]

Other Threads:
  0x0000000018d7f560 VMThread "VM Thread" [stack: 0x00000000598d0000,0x00000000599d0000] [id=5176] _threads_hazard_ptr=0x000000005bbfc5f0
  0x000000005a8777e0 WatcherThread [stack: 0x000000005a240000,0x000000005a340000] [id=4128]
  0x00000000004613e0 GCTaskThread "GC Thread#0" [stack: 0x0000000016390000,0x0000000016490000] [id=4356]
  0x000000005aeae680 GCTaskThread "GC Thread#1" [stack: 0x0000000059ff0000,0x000000005a0f0000] [id=4136]
  0x000000000046a090 ConcurrentGCThread "G1 Main Marker" [stack: 0x00000000165a0000,0x00000000166a0000] [id=3756]
  0x000000000046b550 ConcurrentGCThread "G1 Conc#0" [stack: 0x00000000167d0000,0x00000000168d0000] [id=5260]
  0x00000000004943d0 ConcurrentGCThread "G1 Refine#0" [stack: 0x00000000189d0000,0x0000000018ad0000] [id=3320]
  0x000000005adf4240 ConcurrentGCThread "G1 Refine#1" [stack: 0x000000005b510000,0x000000005b610000] [id=1608]
  0x00000000004958b0 ConcurrentGCThread "G1 Service" [stack: 0x0000000018bf0000,0x0000000018cf0000] [id=4576]

Threads with active compile tasks:
C2 CompilerThread0   111808 2576   !   4       java.util.concurrent.ConcurrentHashMap::putVal (432 bytes)
C1 CompilerThread0   111808 2592       3       org.testng.reporters.FileStringBuffer::append (6 bytes)

VM state: synchronizing (normal execution)

VM Mutex/Monitor currently owned by a thread:  ([mutex/lock_event])
[0x000000000042f760] Metaspace_lock - owner thread: 0x0000000018d95000
[0x0000000000430450] Threads_lock - owner thread: 0x0000000018d7f560
[0x0000000000431140] MethodData_lock - owner thread: 0x0000000018d95000

Heap address: 0x00000000e0200000, size: 510 MB, Compressed Oops mode: 32-bit

CDS archive(s) not mapped
Compressed class space mapped at: 0x0000000019000000-0x0000000059000000, reserved size: 1073741824
Narrow klass base: 0x0000000000000000, Narrow klass shift: 0, Narrow klass range: 0x59000000

GC Precious Log:
 CPUs: 2 total, 2 available
 Memory: 2037M
 Large Page Support: Disabled
 NUMA Support: Disabled
 Compressed Oops: Enabled (32-bit)
 Heap Region Size: 1M
 Heap Min Capacity: 8M
 Heap Initial Capacity: 32M
 Heap Max Capacity: 510M
 Pre-touch: Disabled
 Parallel Workers: 2
 Concurrent Workers: 1
 Concurrent Refinement Workers: 2
 Periodic GC: Disabled

Heap:
 garbage-first heap   total 39936K, used 18140K [0x00000000e0200000, 0x0000000100000000)
  region size 1024K, 8 young (8192K), 2 survivors (2048K)
 Metaspace       used 28611K, committed 28864K, reserved 1081344K
  class space    used 3172K, committed 3328K, reserved 1048576K

Heap Regions: E=young(eden), S=young(survivor), O=old, HS=humongous(starts), HC=humongous(continues), CS=collection set, F=free, OA=open archive, CA=closed archive, TAMS=top-at-mark-start (previous, next)
|   0|0x00000000e0200000, 0x00000000e0300000, 0x00000000e0300000|100%|HS|  |TAMS 0x00000000e0300000, 0x00000000e0200000| Complete 
|   1|0x00000000e0300000, 0x00000000e0400000, 0x00000000e0400000|100%| O|  |TAMS 0x00000000e0400000, 0x00000000e0300000| Untracked 
|   2|0x00000000e0400000, 0x00000000e0500000, 0x00000000e0500000|100%| O|  |TAMS 0x00000000e0500000, 0x00000000e0400000| Untracked 
|   3|0x00000000e0500000, 0x00000000e0600000, 0x00000000e0600000|100%| O|  |TAMS 0x00000000e0600000, 0x00000000e0500000| Untracked 
|   4|0x00000000e0600000, 0x00000000e0700000, 0x00000000e0700000|100%| O|  |TAMS 0x00000000e0700000, 0x00000000e0600000| Untracked 
|   5|0x00000000e0700000, 0x00000000e0800000, 0x00000000e0800000|100%| O|  |TAMS 0x00000000e0800000, 0x00000000e0700000| Untracked 
|   6|0x00000000e0800000, 0x00000000e0900000, 0x00000000e0900000|100%| O|  |TAMS 0x00000000e0900000, 0x00000000e0800000| Untracked 
|   7|0x00000000e0900000, 0x00000000e0a00000, 0x00000000e0a00000|100%| O|  |TAMS 0x00000000e0947200, 0x00000000e0900000| Untracked 
|   8|0x00000000e0a00000, 0x00000000e0b00000, 0x00000000e0b00000|100%| O|  |TAMS 0x00000000e0a00000, 0x00000000e0a00000| Untracked 
|   9|0x00000000e0b00000, 0x00000000e0c00000, 0x00000000e0c00000|100%| O|  |TAMS 0x00000000e0b00000, 0x00000000e0b00000| Untracked 
|  10|0x00000000e0c00000, 0x00000000e0d00000, 0x00000000e0d00000|100%| O|  |TAMS 0x00000000e0c00000, 0x00000000e0c00000| Untracked 
|  11|0x00000000e0d00000, 0x00000000e0d93600, 0x00000000e0e00000| 57%| O|  |TAMS 0x00000000e0d00000, 0x00000000e0d00000| Untracked 
|  12|0x00000000e0e00000, 0x00000000e0e00000, 0x00000000e0f00000|  0%| F|  |TAMS 0x00000000e0e00000, 0x00000000e0e00000| Untracked 
|  13|0x00000000e0f00000, 0x00000000e0f00000, 0x00000000e1000000|  0%| F|  |TAMS 0x00000000e0f00000, 0x00000000e0f00000| Untracked 
|  14|0x00000000e1000000, 0x00000000e1000000, 0x00000000e1100000|  0%| F|  |TAMS 0x00000000e1000000, 0x00000000e1000000| Untracked 
|  15|0x00000000e1100000, 0x00000000e1100000, 0x00000000e1200000|  0%| F|  |TAMS 0x00000000e1100000, 0x00000000e1100000| Untracked 
|  16|0x00000000e1200000, 0x00000000e1200000, 0x00000000e1300000|  0%| F|  |TAMS 0x00000000e1200000, 0x00000000e1200000| Untracked 
|  17|0x00000000e1300000, 0x00000000e1300000, 0x00000000e1400000|  0%| F|  |TAMS 0x00000000e1300000, 0x00000000e1300000| Untracked 
|  18|0x00000000e1400000, 0x00000000e1400000, 0x00000000e1500000|  0%| F|  |TAMS 0x00000000e1400000, 0x00000000e1400000| Untracked 
|  19|0x00000000e1500000, 0x00000000e1500000, 0x00000000e1600000|  0%| F|  |TAMS 0x00000000e1500000, 0x00000000e1500000| Untracked 
|  20|0x00000000e1600000, 0x00000000e1600000, 0x00000000e1700000|  0%| F|  |TAMS 0x00000000e1600000, 0x00000000e1600000| Untracked 
|  21|0x00000000e1700000, 0x00000000e1700000, 0x00000000e1800000|  0%| F|  |TAMS 0x00000000e1700000, 0x00000000e1700000| Untracked 
|  22|0x00000000e1800000, 0x00000000e1800000, 0x00000000e1900000|  0%| F|  |TAMS 0x00000000e1800000, 0x00000000e1800000| Untracked 
|  23|0x00000000e1900000, 0x00000000e1900000, 0x00000000e1a00000|  0%| F|  |TAMS 0x00000000e1900000, 0x00000000e1900000| Untracked 
|  24|0x00000000e1a00000, 0x00000000e1a23ad8, 0x00000000e1b00000| 13%| S|CS|TAMS 0x00000000e1a00000, 0x00000000e1a00000| Complete 
|  25|0x00000000e1b00000, 0x00000000e1c00000, 0x00000000e1c00000|100%| S|CS|TAMS 0x00000000e1b00000, 0x00000000e1b00000| Complete 
|  26|0x00000000e1c00000, 0x00000000e1c00000, 0x00000000e1d00000|  0%| F|  |TAMS 0x00000000e1c00000, 0x00000000e1c00000| Untracked 
|  27|0x00000000e1d00000, 0x00000000e1d00000, 0x00000000e1e00000|  0%| F|  |TAMS 0x00000000e1d00000, 0x00000000e1d00000| Untracked 
|  28|0x00000000e1e00000, 0x00000000e1e00000, 0x00000000e1f00000|  0%| F|  |TAMS 0x00000000e1e00000, 0x00000000e1e00000| Untracked 
|  29|0x00000000e1f00000, 0x00000000e1f00000, 0x00000000e2000000|  0%| F|  |TAMS 0x00000000e1f00000, 0x00000000e1f00000| Untracked 
|  30|0x00000000e2000000, 0x00000000e2000000, 0x00000000e2100000|  0%| F|  |TAMS 0x00000000e2000000, 0x00000000e2000000| Untracked 
|  31|0x00000000e2100000, 0x00000000e2100000, 0x00000000e2200000|  0%| F|  |TAMS 0x00000000e2100000, 0x00000000e2100000| Untracked 
|  32|0x00000000e2200000, 0x00000000e2200000, 0x00000000e2300000|  0%| F|  |TAMS 0x00000000e2200000, 0x00000000e2200000| Untracked 
|  33|0x00000000e2300000, 0x00000000e23d3620, 0x00000000e2400000| 82%| E|  |TAMS 0x00000000e2300000, 0x00000000e2300000| Complete 
|  34|0x00000000e2400000, 0x00000000e2500000, 0x00000000e2500000|100%| E|CS|TAMS 0x00000000e2400000, 0x00000000e2400000| Complete 
|  35|0x00000000e2500000, 0x00000000e2600000, 0x00000000e2600000|100%| E|CS|TAMS 0x00000000e2500000, 0x00000000e2500000| Complete 
|  36|0x00000000e2600000, 0x00000000e2700000, 0x00000000e2700000|100%| E|CS|TAMS 0x00000000e2600000, 0x00000000e2600000| Complete 
|  37|0x00000000e2700000, 0x00000000e2800000, 0x00000000e2800000|100%| E|CS|TAMS 0x00000000e2700000, 0x00000000e2700000| Complete 
|  38|0x00000000e2800000, 0x00000000e2900000, 0x00000000e2900000|100%| E|CS|TAMS 0x00000000e2800000, 0x00000000e2800000| Complete 

Card table byte_map: [0x0000000015000000,0x0000000015100000] _byte_map_base: 0x00000000148ff000

Marking Bits (Prev, Next): (CMBitMap*) 0x00000000004637e0, (CMBitMap*) 0x00000000004637a0
 Prev Bits: [0x0000000015a00000, 0x00000000161f8000)
 Next Bits: [0x0000000015200000, 0x00000000159f8000)

Polling page: 0x0000000000120000

Metaspace:

Usage:
  Non-class:     24.84 MB used.
      Class:      3.10 MB used.
       Both:     27.94 MB used.

Virtual space:
  Non-class space:       32.00 MB reserved,      24.94 MB ( 78%) committed,  4 nodes.
      Class space:        1.00 GB reserved,       3.25 MB ( <1%) committed,  1 nodes.
             Both:        1.03 GB reserved,      28.19 MB (  3%) committed. 

Chunk freelists:
   Non-Class:  2.17 MB
       Class:  624.00 KB
        Both:  2.78 MB

MaxMetaspaceSize: unlimited
CompressedClassSpaceSize: 1.00 GB
Initial GC threshold: 21.00 MB
Current GC threshold: 35.25 MB
CDS: off
MetaspaceReclaimPolicy: balanced
 - commit_granule_bytes: 65536.
 - commit_granule_words: 8192.
 - virtual_space_node_default_size: 1048576.
 - enlarge_chunks_in_place: 1.
 - new_chunks_are_fully_committed: 0.
 - uncommit_free_chunks: 1.
 - use_allocation_guard: 0.
 - handle_deallocations: 1.


Internal statistics:

num_allocs_failed_limit: 3.
num_arena_births: 194.
num_arena_deaths: 0.
num_vsnodes_births: 5.
num_vsnodes_deaths: 0.
num_space_committed: 451.
num_space_uncommitted: 0.
num_chunks_returned_to_freelist: 3.
num_chunks_taken_from_freelist: 772.
num_chunk_merges: 3.
num_chunk_splits: 514.
num_chunks_enlarged: 389.
num_purges: 0.
num_inconsistent_stats: 0.

CodeHeap 'non-profiled nmethods': size=120064Kb used=1047Kb max_used=1047Kb free=119016Kb
 bounds [0x000000000d5c0000, 0x000000000d830000, 0x0000000014b00000]
CodeHeap 'profiled nmethods': size=120000Kb used=5155Kb max_used=5155Kb free=114844Kb
 bounds [0x0000000006090000, 0x00000000065a0000, 0x000000000d5c0000]
CodeHeap 'non-nmethods': size=5696Kb used=1226Kb max_used=1256Kb free=4469Kb
 bounds [0x0000000005b00000, 0x0000000005d70000, 0x0000000006090000]
 total_blobs=3129 nmethods=2588 adapters=454
 compilation: enabled
              stopped_count=0, restarted_count=0
 full_count=0

Compilation events (20 events):
Event: 110.959 Thread 0x0000000018d95000 nmethod 2581 0x0000000006595690 code [0x00000000065958a0, 0x0000000006595f18]
Event: 110.959 Thread 0x0000000018d95000 2582       3       java.lang.Character::getType (9 bytes)
Event: 110.960 Thread 0x0000000018d95000 nmethod 2582 0x0000000006596190 code [0x0000000006596340, 0x0000000006596518]
Event: 110.960 Thread 0x0000000018d95000 2583       3       java.lang.CharacterDataLatin1::getType (11 bytes)
Event: 110.960 Thread 0x0000000018d95000 nmethod 2583 0x0000000006596610 code [0x00000000065967a0, 0x0000000006596938]
Event: 110.960 Thread 0x0000000018d95000 2586       3       java.util.regex.Pattern$CharPredicate::lambda$and$0 (26 bytes)
Event: 110.960 Thread 0x0000000018d95000 nmethod 2586 0x0000000006596a90 code [0x0000000006596c40, 0x0000000006596f58]
Event: 110.960 Thread 0x0000000018d95000 2584       3       java.util.regex.Pattern$CharProperty::match (71 bytes)
Event: 110.960 Thread 0x0000000018d95000 nmethod 2584 0x0000000006597090 code [0x0000000006597280, 0x0000000006597788]
Event: 110.960 Thread 0x0000000018d95000 2585       3       java.util.regex.Pattern$CharPredicate$$Lambda$421/0x0000000019346d28::is (15 bytes)
Event: 110.960 Thread 0x0000000018d95000 nmethod 2585 0x0000000006597910 code [0x0000000006597ac0, 0x0000000006597c88]
Event: 110.960 Thread 0x0000000018d95000 2587       3       java.util.regex.CharPredicates$$Lambda$420/0x0000000019346ad0::is (9 bytes)
Event: 110.961 Thread 0x0000000018d95000 nmethod 2587 0x0000000006597d90 code [0x0000000006597f60, 0x0000000006598298]
Event: 110.961 Thread 0x0000000018d95000 2588       3       java.util.regex.CharPredicates::lambda$category$15 (17 bytes)
Event: 110.961 Thread 0x0000000018d95000 nmethod 2588 0x0000000006598410 code [0x00000000065985c0, 0x0000000006598858]
Event: 110.961 Thread 0x0000000018d95000 2590       2       java.lang.Character::isHighSurrogate (18 bytes)
Event: 110.961 Thread 0x0000000018d95000 nmethod 2590 0x0000000006598990 code [0x0000000006598b20, 0x0000000006598c38]
Event: 110.962 Thread 0x0000000018d95000 2591       1       org.testng.internal.TestResult::getStatus (5 bytes)
Event: 110.962 Thread 0x0000000018d95000 nmethod 2591 0x000000000d6c5990 code [0x000000000d6c5b20, 0x000000000d6c5bf8]
Event: 110.962 Thread 0x0000000018d95000 2592       3       org.testng.reporters.FileStringBuffer::append (6 bytes)

GC Heap History (18 events):
Event: 0.612 GC heap before
{Heap before GC invocations=0 (full 0):
 garbage-first heap   total 32768K, used 6144K [0x00000000e0200000, 0x0000000100000000)
  region size 1024K, 6 young (6144K), 0 survivors (0K)
 Metaspace       used 7330K, committed 7424K, reserved 1056768K
  class space    used 625K, committed 704K, reserved 1048576K
}
Event: 0.625 GC heap after
{Heap after GC invocations=1 (full 0):
 garbage-first heap   total 32768K, used 4460K [0x00000000e0200000, 0x0000000100000000)
  region size 1024K, 1 young (1024K), 1 survivors (1024K)
 Metaspace       used 7330K, committed 7424K, reserved 1056768K
  class space    used 625K, committed 704K, reserved 1048576K
}
Event: 0.892 GC heap before
{Heap before GC invocations=1 (full 0):
 garbage-first heap   total 32768K, used 7532K [0x00000000e0200000, 0x0000000100000000)
  region size 1024K, 5 young (5120K), 1 survivors (1024K)
 Metaspace       used 9170K, committed 9280K, reserved 1064960K
  class space    used 811K, committed 896K, reserved 1048576K
}
Event: 0.899 GC heap after
{Heap after GC invocations=2 (full 0):
 garbage-first heap   total 32768K, used 6528K [0x00000000e0200000, 0x0000000100000000)
  region size 1024K, 1 young (1024K), 1 survivors (1024K)
 Metaspace       used 9170K, committed 9280K, reserved 1064960K
  class space    used 811K, committed 896K, reserved 1048576K
}
Event: 1.386 GC heap before
{Heap before GC invocations=2 (full 0):
 garbage-first heap   total 32768K, used 11648K [0x00000000e0200000, 0x0000000100000000)
  region size 1024K, 7 young (7168K), 1 survivors (1024K)
 Metaspace       used 12296K, committed 12480K, reserved 1064960K
  class space    used 1183K, committed 1280K, reserved 1048576K
}
Event: 1.392 GC heap after
{Heap after GC invocations=3 (full 0):
 garbage-first heap   total 32768K, used 7283K [0x00000000e0200000, 0x0000000100000000)
  region size 1024K, 1 young (1024K), 1 survivors (1024K)
 Metaspace       used 12296K, committed 12480K, reserved 1064960K
  class space    used 1183K, committed 1280K, reserved 1048576K
}
Event: 1.887 GC heap before
{Heap before GC invocations=3 (full 0):
 garbage-first heap   total 32768K, used 14451K [0x00000000e0200000, 0x0000000100000000)
  region size 1024K, 8 young (8192K), 1 survivors (1024K)
 Metaspace       used 15201K, committed 15296K, reserved 1064960K
  class space    used 1548K, committed 1600K, reserved 1048576K
}
Event: 1.892 GC heap after
{Heap after GC invocations=4 (full 0):
 garbage-first heap   total 32768K, used 7828K [0x00000000e0200000, 0x0000000100000000)
  region size 1024K, 1 young (1024K), 1 survivors (1024K)
 Metaspace       used 15201K, committed 15296K, reserved 1064960K
  class space    used 1548K, committed 1600K, reserved 1048576K
}
Event: 2.827 GC heap before
{Heap before GC invocations=4 (full 0):
 garbage-first heap   total 32768K, used 18068K [0x00000000e0200000, 0x0000000100000000)
  region size 1024K, 12 young (12288K), 1 survivors (1024K)
 Metaspace       used 19655K, committed 19840K, reserved 1073152K
  class space    used 2112K, committed 2176K, reserved 1048576K
}
Event: 2.865 GC heap after
{Heap after GC invocations=5 (full 0):
 garbage-first heap   total 32768K, used 9500K [0x00000000e0200000, 0x0000000100000000)
  region size 1024K, 2 young (2048K), 2 survivors (2048K)
 Metaspace       used 19655K, committed 19840K, reserved 1073152K
  class space    used 2112K, committed 2176K, reserved 1048576K
}
Event: 3.156 GC heap before
{Heap before GC invocations=5 (full 0):
 garbage-first heap   total 32768K, used 15644K [0x00000000e0200000, 0x0000000100000000)
  region size 1024K, 10 young (10240K), 2 survivors (2048K)
 Metaspace       used 21304K, committed 21504K, reserved 1073152K
  class space    used 2283K, committed 2432K, reserved 1048576K
}
Event: 3.166 GC heap after
{Heap after GC invocations=6 (full 0):
 garbage-first heap   total 39936K, used 11044K [0x00000000e0200000, 0x0000000100000000)
  region size 1024K, 2 young (2048K), 2 survivors (2048K)
 Metaspace       used 21304K, committed 21504K, reserved 1073152K
  class space    used 2283K, committed 2432K, reserved 1048576K
}
Event: 22.234 GC heap before
{Heap before GC invocations=7 (full 0):
 garbage-first heap   total 39936K, used 22308K [0x00000000e0200000, 0x0000000100000000)
  region size 1024K, 14 young (14336K), 2 survivors (2048K)
 Metaspace       used 24404K, committed 24640K, reserved 1073152K
  class space    used 2737K, committed 2880K, reserved 1048576K
}
Event: 22.240 GC heap after
{Heap after GC invocations=8 (full 0):
 garbage-first heap   total 39936K, used 11967K [0x00000000e0200000, 0x0000000100000000)
  region size 1024K, 1 young (1024K), 1 survivors (1024K)
 Metaspace       used 24404K, committed 24640K, reserved 1073152K
  class space    used 2737K, committed 2880K, reserved 1048576K
}
Event: 37.942 GC heap before
{Heap before GC invocations=8 (full 0):
 garbage-first heap   total 39936K, used 25279K [0x00000000e0200000, 0x0000000100000000)
  region size 1024K, 15 young (15360K), 1 survivors (1024K)
 Metaspace       used 27945K, committed 28160K, reserved 1081344K
  class space    used 3115K, committed 3200K, reserved 1048576K
}
Event: 37.949 GC heap after
{Heap after GC invocations=9 (full 0):
 garbage-first heap   total 39936K, used 12953K [0x00000000e0200000, 0x0000000100000000)
  region size 1024K, 2 young (2048K), 2 survivors (2048K)
 Metaspace       used 27945K, committed 28160K, reserved 1081344K
  class space    used 3115K, committed 3200K, reserved 1048576K
}
Event: 54.098 GC heap before
{Heap before GC invocations=9 (full 0):
 garbage-first heap   total 39936K, used 26265K [0x00000000e0200000, 0x0000000100000000)
  region size 1024K, 15 young (15360K), 2 survivors (2048K)
 Metaspace       used 28048K, committed 28352K, reserved 1081344K
  class space    used 3122K, committed 3264K, reserved 1048576K
}
Event: 54.106 GC heap after
{Heap after GC invocations=10 (full 0):
 garbage-first heap   total 39936K, used 13020K [0x00000000e0200000, 0x0000000100000000)
  region size 1024K, 2 young (2048K), 2 survivors (2048K)
 Metaspace       used 28048K, committed 28352K, reserved 1081344K
  class space    used 3122K, committed 3264K, reserved 1048576K
}

Deoptimization events (20 events):
Event: 110.540 Thread 0x00000000004351f0 Uncommon trap: trap_request=0xffffff76 fr.pc=0x000000000d6a3834 relative=0x00000000000005d4
Event: 110.540 Thread 0x00000000004351f0 Uncommon trap: reason=predicate action=maybe_recompile pc=0x000000000d6a3834 method=java.util.TreeMap.getEntryUsingComparator(Ljava/lang/Object;)Ljava/util/TreeMap$Entry; @ 19 c2
Event: 110.540 Thread 0x00000000004351f0 DEOPT PACKING pc=0x000000000d6a3834 sp=0x000000000225c820
Event: 110.540 Thread 0x00000000004351f0 DEOPT UNPACKING pc=0x0000000005b5239d sp=0x000000000225c7d0 mode 2
Event: 110.630 Thread 0x00000000004351f0 Uncommon trap: trap_request=0xffffffde fr.pc=0x000000000d68cbc4 relative=0x0000000000000ec4
Event: 110.630 Thread 0x00000000004351f0 Uncommon trap: reason=class_check action=maybe_recompile pc=0x000000000d68cbc4 method=java.util.concurrent.ConcurrentHashMap.putVal(Ljava/lang/Object;Ljava/lang/Object;Z)Ljava/lang/Object; @ 242 c2
Event: 110.630 Thread 0x00000000004351f0 DEOPT PACKING pc=0x000000000d68cbc4 sp=0x000000000225dba0
Event: 110.630 Thread 0x00000000004351f0 DEOPT UNPACKING pc=0x0000000005b5239d sp=0x000000000225db00 mode 2
Event: 110.639 Thread 0x00000000004351f0 Uncommon trap: trap_request=0xffffffde fr.pc=0x000000000d68cbc4 relative=0x0000000000000ec4
Event: 110.639 Thread 0x00000000004351f0 Uncommon trap: reason=class_check action=maybe_recompile pc=0x000000000d68cbc4 method=java.util.concurrent.ConcurrentHashMap.putVal(Ljava/lang/Object;Ljava/lang/Object;Z)Ljava/lang/Object; @ 242 c2
Event: 110.639 Thread 0x00000000004351f0 DEOPT PACKING pc=0x000000000d68cbc4 sp=0x000000000225dd90
Event: 110.639 Thread 0x00000000004351f0 DEOPT UNPACKING pc=0x0000000005b5239d sp=0x000000000225dcf0 mode 2
Event: 110.670 Thread 0x00000000004351f0 Uncommon trap: trap_request=0xffffff45 fr.pc=0x000000000d65c7fc relative=0x00000000000001bc
Event: 110.670 Thread 0x00000000004351f0 Uncommon trap: reason=unstable_if action=reinterpret pc=0x000000000d65c7fc method=java.util.HashMap.hash(Ljava/lang/Object;)I @ 1 c2
Event: 110.671 Thread 0x00000000004351f0 DEOPT PACKING pc=0x000000000d65c7fc sp=0x000000000225e950
Event: 110.671 Thread 0x00000000004351f0 DEOPT UNPACKING pc=0x0000000005b5239d sp=0x000000000225e820 mode 2
Event: 110.671 Thread 0x00000000004351f0 Uncommon trap: trap_request=0xffffff45 fr.pc=0x000000000d636be0 relative=0x00000000000000c0
Event: 110.671 Thread 0x00000000004351f0 Uncommon trap: reason=unstable_if action=reinterpret pc=0x000000000d636be0 method=java.util.HashMap.hash(Ljava/lang/Object;)I @ 1 c2
Event: 110.671 Thread 0x00000000004351f0 DEOPT PACKING pc=0x000000000d636be0 sp=0x000000000225e8e0
Event: 110.671 Thread 0x00000000004351f0 DEOPT UNPACKING pc=0x0000000005b5239d sp=0x000000000225e820 mode 2

Classes unloaded (0 events):
No events

Classes redefined (0 events):
No events

Internal exceptions (20 events):
Event: 4.854 Thread 0x00000000004351f0 Exception <a 'java/lang/NoSuchMethodError'{0x00000000e2625e78}: 'java.lang.Object java.lang.invoke.DirectMethodHandle$Holder.invokeVirtual(java.lang.Object, java.lang.Object, java.lang.Object)'> (0x00000000e2625e78) 
thrown [e:\jenkins\tmp\workspace\build\src\src\hotspot\share\interpreter\linkResolver.cpp, line 766]
Event: 4.905 Thread 0x00000000004351f0 Exception <a 'java/lang/NoSuchMethodError'{0x00000000e26997b0}: 'void java.lang.invoke.DirectMethodHandle$Holder.invokeInterface(java.lang.Object, java.lang.Object, java.lang.Object)'> (0x00000000e26997b0) 
thrown [e:\jenkins\tmp\workspace\build\src\src\hotspot\share\interpreter\linkResolver.cpp, line 766]
Event: 4.921 Thread 0x00000000004351f0 Exception <a 'java/lang/NoSuchMethodError'{0x00000000e26f8ac0}: 'double java.lang.invoke.DirectMethodHandle$Holder.invokeVirtual(java.lang.Object, java.lang.Object)'> (0x00000000e26f8ac0) 
thrown [e:\jenkins\tmp\workspace\build\src\src\hotspot\share\interpreter\linkResolver.cpp, line 766]
Event: 4.922 Thread 0x00000000004351f0 Exception <a 'java/lang/NoSuchMethodError'{0x00000000e26ff728}: 'float java.lang.invoke.DirectMethodHandle$Holder.invokeVirtual(java.lang.Object, java.lang.Object)'> (0x00000000e26ff728) 
thrown [e:\jenkins\tmp\workspace\build\src\src\hotspot\share\interpreter\linkResolver.cpp, line 766]
Event: 4.924 Thread 0x00000000004351f0 Exception <a 'java/lang/NoSuchMethodError'{0x00000000e2508fa8}: 'long java.lang.invoke.DirectMethodHandle$Holder.invokeVirtual(java.lang.Object, java.lang.Object)'> (0x00000000e2508fa8) 
thrown [e:\jenkins\tmp\workspace\build\src\src\hotspot\share\interpreter\linkResolver.cpp, line 766]
Event: 4.991 Thread 0x00000000004351f0 Exception <a 'java/lang/NoSuchMethodError'{0x00000000e2454728}: 'void java.lang.invoke.DirectMethodHandle$Holder.invokeSpecial(java.lang.Object, java.lang.Object, java.lang.Object, java.lang.Object, java.lang.Object)'> (0x00000000e2454728) 
thrown [e:\jenkins\tmp\workspace\build\src\src\hotspot\share\interpreter\linkResolver.cpp, line 766]
Event: 5.031 Thread 0x00000000004351f0 Exception <a 'java/lang/NoSuchMethodError'{0x00000000e2317ff8}: 'java.lang.Object java.lang.invoke.DirectMethodHandle$Holder.newInvokeSpecial(java.lang.Object, java.lang.Object, java.lang.Object, java.lang.Object, java.lang.Object)'> (0x00000000e2317ff8) 
thrown [e:\jenkins\tmp\workspace\build\src\src\hotspot\share\interpreter\linkResolver.cpp, line 766]
Event: 22.232 Thread 0x00000000004351f0 Exception <a 'java/lang/NoSuchMethodError'{0x00000000e1df1e00}: 'java.lang.Object java.lang.invoke.DirectMethodHandle$Holder.invokeSpecialIFC(java.lang.Object, java.lang.Object, java.lang.Object)'> (0x00000000e1df1e00) 
thrown [e:\jenkins\tmp\workspace\build\src\src\hotspot\share\interpreter\linkResolver.cpp, line 766]
Event: 22.307 Thread 0x00000000004351f0 Exception <a 'java/lang/NoSuchMethodError'{0x00000000e28717d8}: 'void java.lang.invoke.DirectMethodHandle$Holder.invokeSpecial(java.lang.Object, java.lang.Object, java.lang.Object)'> (0x00000000e28717d8) 
thrown [e:\jenkins\tmp\workspace\build\src\src\hotspot\share\interpreter\linkResolver.cpp, line 766]
Event: 22.323 Thread 0x00000000004351f0 Exception <a 'java/lang/ClassNotFoundException'{0x00000000e2895868}: sun/util/logging/resources/spi/loggingProvider> (0x00000000e2895868) 
thrown [e:\jenkins\tmp\workspace\build\src\src\hotspot\share\classfile\systemDictionary.cpp, line 256]
Event: 36.389 Thread 0x00000000004351f0 Implicit null exception at 0x000000000d5e55e2 to 0x000000000d5e5ae8
Event: 68.617 Thread 0x00000000004351f0 Exception <a 'java/lang/reflect/InvocationTargetException'{0x00000000e275e3f0}> (0x00000000e275e3f0) 
thrown [e:\jenkins\tmp\workspace\build\src\src\hotspot\share\runtime\reflection.cpp, line 1121]
Event: 68.732 Thread 0x00000000004351f0 Exception <a 'java/lang/NullPointerException'{0x00000000e2788130}> (0x00000000e2788130) 
thrown [e:\jenkins\tmp\workspace\build\src\src\hotspot\share\interpreter\linkResolver.cpp, line 1440]
Event: 68.742 Thread 0x00000000004351f0 Exception <a 'java/net/SocketException'{0x00000000e278d7e8}: Socket is not connected: shutdown> (0x00000000e278d7e8) 
thrown [e:\jenkins\tmp\workspace\build\src\src\hotspot\share\prims\jni.cpp, line 535]
Event: 69.280 Thread 0x000000005bdcbe80 Exception <a 'java/net/SocketException'{0x00000000e27f3498}: Socket is not connected: shutdown> (0x00000000e27f3498) 
thrown [e:\jenkins\tmp\workspace\build\src\src\hotspot\share\prims\jni.cpp, line 535]
Event: 69.792 Thread 0x000000005bdcbe80 Exception <a 'java/net/SocketException'{0x00000000e27f47c0}: Socket is not connected: shutdown> (0x00000000e27f47c0) 
thrown [e:\jenkins\tmp\workspace\build\src\src\hotspot\share\prims\jni.cpp, line 535]
Event: 110.617 Thread 0x00000000004351f0 Exception <a 'java/lang/ClassNotFoundException'{0x00000000e2550c30}: sun/misc/SharedSecrets> (0x00000000e2550c30) 
thrown [e:\jenkins\tmp\workspace\build\src\src\hotspot\share\classfile\systemDictionary.cpp, line 256]
Event: 110.625 Thread 0x00000000004351f0 Exception <a 'java/lang/reflect/InvocationTargetException'{0x00000000e2561f78}> (0x00000000e2561f78) 
thrown [e:\jenkins\tmp\workspace\build\src\src\hotspot\share\runtime\reflection.cpp, line 1121]
Event: 110.670 Thread 0x00000000004351f0 Implicit null exception at 0x000000000d65c681 to 0x000000000d65c7e4
Event: 110.671 Thread 0x00000000004351f0 Implicit null exception at 0x000000000d636b48 to 0x000000000d636bd6

VM Operations (20 events):
Event: 41.013 Executing VM operation: Cleanup
Event: 41.013 Executing VM operation: Cleanup done
Event: 54.030 Executing VM operation: Cleanup
Event: 54.030 Executing VM operation: Cleanup done
Event: 54.098 Executing VM operation: G1CollectForAllocation
Event: 54.107 Executing VM operation: G1CollectForAllocation done
Event: 54.186 Executing VM operation: ICBufferFull
Event: 54.186 Executing VM operation: ICBufferFull done
Event: 55.189 Executing VM operation: Cleanup
Event: 55.189 Executing VM operation: Cleanup done
Event: 65.188 Executing VM operation: Cleanup
Event: 65.189 Executing VM operation: Cleanup done
Event: 69.189 Executing VM operation: Cleanup
Event: 69.189 Executing VM operation: Cleanup done
Event: 71.189 Executing VM operation: Cleanup
Event: 71.189 Executing VM operation: Cleanup done
Event: 98.190 Executing VM operation: ICBufferFull
Event: 98.190 Executing VM operation: ICBufferFull done
Event: 100.189 Executing VM operation: Cleanup
Event: 100.189 Executing VM operation: Cleanup done

Events (20 events):
Event: 110.819 loading class sun/util/resources/TimeZoneNames_en
Event: 110.819 loading class sun/util/resources/TimeZoneNames_en done
Event: 110.881 loading class java/io/FileWriter
Event: 110.881 loading class java/io/FileWriter done
Event: 110.881 loading class java/io/FileReader
Event: 110.881 loading class java/io/FileReader done
Event: 110.882 loading class jdk/internal/math/FDBigInteger
Event: 110.892 loading class jdk/internal/math/FDBigInteger done
Event: 110.895 loading class java/text/FieldPosition$Delegate
Event: 110.895 loading class java/text/Format$FieldDelegate
Event: 110.895 loading class java/text/Format$FieldDelegate done
Event: 110.895 loading class java/text/FieldPosition$Delegate done
Event: 110.896 loading class java/text/StringCharacterIterator
Event: 110.896 loading class java/text/CharacterIterator
Event: 110.923 loading class java/text/CharacterIterator done
Event: 110.923 loading class java/text/StringCharacterIterator done
Event: 110.957 loading class java/util/concurrent/ConcurrentLinkedDeque$Itr
Event: 110.957 loading class java/util/concurrent/ConcurrentLinkedDeque$AbstractItr
Event: 110.957 loading class java/util/concurrent/ConcurrentLinkedDeque$AbstractItr done
Event: 110.957 loading class java/util/concurrent/ConcurrentLinkedDeque$Itr done


Dynamic libraries:
0x000000013fbb0000 - 0x000000013fbbe000 	C:\Users\shree\Documents\Selenium\eclipse\plugins\org.eclipse.justj.openjdk.hotspot.jre.full.win32.x86_64_17.0.1.v20211116-1657\jre\bin\javaw.exe
0x00000000772e0000 - 0x000000007747f000 	C:\Windows\SYSTEM32\ntdll.dll
0x00000000770c0000 - 0x00000000771df000 	C:\Windows\system32\kernel32.dll
0x000007fefd110000 - 0x000007fefd177000 	C:\Windows\system32\KERNELBASE.dll
0x000007fef9030000 - 0x000007fef9048000 	C:\Users\shree\Documents\Selenium\eclipse\plugins\org.eclipse.justj.openjdk.hotspot.jre.full.win32.x86_64_17.0.1.v20211116-1657\jre\bin\jli.dll
0x000007fefb880000 - 0x000007fefba75000 	C:\Windows\WinSxS\amd64_microsoft.windows.common-controls_6595b64144ccf1df_6.0.7601.24483_none_e372d88f30fbb845\COMCTL32.dll
0x000007fefdf60000 - 0x000007fefdfff000 	C:\Windows\system32\msvcrt.dll
0x000007fefd6d0000 - 0x000007fefd737000 	C:\Windows\system32\GDI32.dll
0x00000000771e0000 - 0x00000000772da000 	C:\Windows\system32\USER32.dll
0x000007fefd6c0000 - 0x000007fefd6ce000 	C:\Windows\system32\LPK.dll
0x000007fefe030000 - 0x000007fefe0fb000 	C:\Windows\system32\USP10.dll
0x000007fefe530000 - 0x000007fefe5a1000 	C:\Windows\system32\SHLWAPI.dll
0x000007fef6270000 - 0x000007fef6289000 	C:\Users\shree\Documents\Selenium\eclipse\plugins\org.eclipse.justj.openjdk.hotspot.jre.full.win32.x86_64_17.0.1.v20211116-1657\jre\bin\VCRUNTIME140.dll
0x000007fefb840000 - 0x000007fefb844000 	C:\Users\shree\Documents\Selenium\eclipse\plugins\org.eclipse.justj.openjdk.hotspot.jre.full.win32.x86_64_17.0.1.v20211116-1657\jre\bin\api-ms-win-crt-runtime-l1-1-0.dll
0x000007feef8c0000 - 0x000007feef9ba000 	C:\Users\shree\Documents\Selenium\eclipse\plugins\org.eclipse.justj.openjdk.hotspot.jre.full.win32.x86_64_17.0.1.v20211116-1657\jre\bin\ucrtbase.DLL
0x000007fefb820000 - 0x000007fefb823000 	C:\Users\shree\Documents\Selenium\eclipse\plugins\org.eclipse.justj.openjdk.hotspot.jre.full.win32.x86_64_17.0.1.v20211116-1657\jre\bin\api-ms-win-core-localization-l1-2-0.dll
0x000007fef9060000 - 0x000007fef9063000 	C:\Users\shree\Documents\Selenium\eclipse\plugins\org.eclipse.justj.openjdk.hotspot.jre.full.win32.x86_64_17.0.1.v20211116-1657\jre\bin\api-ms-win-core-processthreads-l1-1-1.dll
0x000007fef9050000 - 0x000007fef9053000 	C:\Users\shree\Documents\Selenium\eclipse\plugins\org.eclipse.justj.openjdk.hotspot.jre.full.win32.x86_64_17.0.1.v20211116-1657\jre\bin\api-ms-win-core-file-l1-2-0.dll
0x000007fef8fa0000 - 0x000007fef8fa3000 	C:\Users\shree\Documents\Selenium\eclipse\plugins\org.eclipse.justj.openjdk.hotspot.jre.full.win32.x86_64_17.0.1.v20211116-1657\jre\bin\api-ms-win-core-timezone-l1-1-0.dll
0x000007fef9020000 - 0x000007fef9023000 	C:\Users\shree\Documents\Selenium\eclipse\plugins\org.eclipse.justj.openjdk.hotspot.jre.full.win32.x86_64_17.0.1.v20211116-1657\jre\bin\api-ms-win-core-file-l2-1-0.dll
0x000007fef8f80000 - 0x000007fef8f83000 	C:\Users\shree\Documents\Selenium\eclipse\plugins\org.eclipse.justj.openjdk.hotspot.jre.full.win32.x86_64_17.0.1.v20211116-1657\jre\bin\api-ms-win-core-synch-l1-2-0.dll
0x000007fef8f90000 - 0x000007fef8f93000 	C:\Users\shree\Documents\Selenium\eclipse\plugins\org.eclipse.justj.openjdk.hotspot.jre.full.win32.x86_64_17.0.1.v20211116-1657\jre\bin\api-ms-win-crt-heap-l1-1-0.dll
0x000007fef8f60000 - 0x000007fef8f64000 	C:\Users\shree\Documents\Selenium\eclipse\plugins\org.eclipse.justj.openjdk.hotspot.jre.full.win32.x86_64_17.0.1.v20211116-1657\jre\bin\api-ms-win-crt-string-l1-1-0.dll
0x000007fef8f70000 - 0x000007fef8f74000 	C:\Users\shree\Documents\Selenium\eclipse\plugins\org.eclipse.justj.openjdk.hotspot.jre.full.win32.x86_64_17.0.1.v20211116-1657\jre\bin\api-ms-win-crt-stdio-l1-1-0.dll
0x000007fef8f40000 - 0x000007fef8f44000 	C:\Users\shree\Documents\Selenium\eclipse\plugins\org.eclipse.justj.openjdk.hotspot.jre.full.win32.x86_64_17.0.1.v20211116-1657\jre\bin\api-ms-win-crt-convert-l1-1-0.dll
0x000007fef8f50000 - 0x000007fef8f53000 	C:\Users\shree\Documents\Selenium\eclipse\plugins\org.eclipse.justj.openjdk.hotspot.jre.full.win32.x86_64_17.0.1.v20211116-1657\jre\bin\api-ms-win-crt-environment-l1-1-0.dll
0x000007fef8890000 - 0x000007fef8893000 	C:\Users\shree\Documents\Selenium\eclipse\plugins\org.eclipse.justj.openjdk.hotspot.jre.full.win32.x86_64_17.0.1.v20211116-1657\jre\bin\api-ms-win-crt-filesystem-l1-1-0.dll
0x000007fef89f0000 - 0x000007fef89f5000 	C:\Users\shree\Documents\Selenium\eclipse\plugins\org.eclipse.justj.openjdk.hotspot.jre.full.win32.x86_64_17.0.1.v20211116-1657\jre\bin\api-ms-win-crt-math-l1-1-0.dll
0x000007fef8140000 - 0x000007fef8143000 	C:\Users\shree\Documents\Selenium\eclipse\plugins\org.eclipse.justj.openjdk.hotspot.jre.full.win32.x86_64_17.0.1.v20211116-1657\jre\bin\api-ms-win-crt-locale-l1-1-0.dll
0x000007fefe000000 - 0x000007fefe02e000 	C:\Windows\system32\IMM32.DLL
0x000007feff4c0000 - 0x000007feff5cb000 	C:\Windows\system32\MSCTF.dll
0x000007fef2a30000 - 0x000007fef2a3c000 	C:\Users\shree\Documents\Selenium\eclipse\plugins\org.eclipse.justj.openjdk.hotspot.jre.full.win32.x86_64_17.0.1.v20211116-1657\jre\bin\vcruntime140_1.dll
0x000007fef7220000 - 0x000007fef72b1000 	C:\Users\shree\Documents\Selenium\eclipse\plugins\org.eclipse.justj.openjdk.hotspot.jre.full.win32.x86_64_17.0.1.v20211116-1657\jre\bin\msvcp140.dll
0x000007fef86b0000 - 0x000007fef86b3000 	C:\Users\shree\Documents\Selenium\eclipse\plugins\org.eclipse.justj.openjdk.hotspot.jre.full.win32.x86_64_17.0.1.v20211116-1657\jre\bin\api-ms-win-crt-time-l1-1-0.dll
0x000007fef8130000 - 0x000007fef8133000 	C:\Users\shree\Documents\Selenium\eclipse\plugins\org.eclipse.justj.openjdk.hotspot.jre.full.win32.x86_64_17.0.1.v20211116-1657\jre\bin\api-ms-win-crt-utility-l1-1-0.dll
0x000007feefec0000 - 0x000007fef0b06000 	C:\Users\shree\Documents\Selenium\eclipse\plugins\org.eclipse.justj.openjdk.hotspot.jre.full.win32.x86_64_17.0.1.v20211116-1657\jre\bin\server\jvm.dll
0x000007fefe650000 - 0x000007fefe72b000 	C:\Windows\system32\ADVAPI32.dll
0x000007fefe3c0000 - 0x000007fefe3df000 	C:\Windows\SYSTEM32\sechost.dll
0x000007fefe3e0000 - 0x000007fefe50c000 	C:\Windows\system32\RPCRT4.dll
0x000007fef5790000 - 0x000007fef5799000 	C:\Windows\system32\WSOCK32.dll
0x000007fefdd20000 - 0x000007fefdd6d000 	C:\Windows\system32\WS2_32.dll
0x000007fefdd10000 - 0x000007fefdd18000 	C:\Windows\system32\NSI.dll
0x000007fef77c0000 - 0x000007fef77fb000 	C:\Windows\system32\WINMM.dll
0x000007fefbf10000 - 0x000007fefbf1c000 	C:\Windows\system32\VERSION.dll
0x0000000077490000 - 0x0000000077497000 	C:\Windows\system32\PSAPI.DLL
0x000007fef29d0000 - 0x000007fef29da000 	C:\Users\shree\Documents\Selenium\eclipse\plugins\org.eclipse.justj.openjdk.hotspot.jre.full.win32.x86_64_17.0.1.v20211116-1657\jre\bin\jimage.dll
0x000007fef74a0000 - 0x000007fef75c5000 	C:\Windows\system32\DBGHELP.DLL
0x000007fef29a0000 - 0x000007fef29c5000 	C:\Users\shree\Documents\Selenium\eclipse\plugins\org.eclipse.justj.openjdk.hotspot.jre.full.win32.x86_64_17.0.1.v20211116-1657\jre\bin\java.dll
0x000007fef2980000 - 0x000007fef2998000 	C:\Users\shree\Documents\Selenium\eclipse\plugins\org.eclipse.justj.openjdk.hotspot.jre.full.win32.x86_64_17.0.1.v20211116-1657\jre\bin\zip.dll
0x000007fefe730000 - 0x000007feff4bb000 	C:\Windows\system32\SHELL32.dll
0x000007fefd1f0000 - 0x000007fefd3ef000 	C:\Windows\system32\ole32.dll
0x000007fefce40000 - 0x000007fefce4f000 	C:\Windows\system32\profapi.dll
0x000007fef2960000 - 0x000007fef2979000 	C:\Users\shree\Documents\Selenium\eclipse\plugins\org.eclipse.justj.openjdk.hotspot.jre.full.win32.x86_64_17.0.1.v20211116-1657\jre\bin\net.dll
0x000007fef97e0000 - 0x000007fef9851000 	C:\Windows\system32\WINHTTP.dll
0x000007fef94f0000 - 0x000007fef9555000 	C:\Windows\system32\webio.dll
0x000007fefc570000 - 0x000007fefc5c5000 	C:\Windows\system32\mswsock.dll
0x000007fefc560000 - 0x000007fefc567000 	C:\Windows\System32\wship6.dll
0x000007fef2940000 - 0x000007fef2955000 	C:\Users\shree\Documents\Selenium\eclipse\plugins\org.eclipse.justj.openjdk.hotspot.jre.full.win32.x86_64_17.0.1.v20211116-1657\jre\bin\nio.dll
0x000007fefbfe0000 - 0x000007fefbfe7000 	C:\Windows\System32\wshtcpip.dll
0x000007fefc3f0000 - 0x000007fefc44b000 	C:\Windows\system32\DNSAPI.dll
0x000007fefa580000 - 0x000007fefa5a7000 	C:\Windows\system32\IPHLPAPI.DLL
0x000007fefa560000 - 0x000007fefa56b000 	C:\Windows\system32\WINNSI.DLL
0x000007fef9230000 - 0x000007fef9238000 	C:\Windows\system32\rasadhlp.dll
0x000007fefa420000 - 0x000007fefa473000 	C:\Windows\System32\fwpuclnt.dll
0x000007fef2930000 - 0x000007fef2940000 	C:\Users\shree\Documents\Selenium\eclipse\plugins\org.eclipse.justj.openjdk.hotspot.jre.full.win32.x86_64_17.0.1.v20211116-1657\jre\bin\verify.dll
0x000007fefc5d0000 - 0x000007fefc5e8000 	C:\Windows\system32\CRYPTSP.dll
0x000007fefc2d0000 - 0x000007fefc317000 	C:\Windows\system32\rsaenh.dll
0x000007fefcf80000 - 0x000007fefcf9f000 	C:\Windows\system32\USERENV.dll
0x000007fefccd0000 - 0x000007fefccdf000 	C:\Windows\system32\CRYPTBASE.dll
0x000007fefa3f0000 - 0x000007fefa401000 	C:\Windows\system32\dhcpcsvc6.DLL
0x000007fefa370000 - 0x000007fefa388000 	C:\Windows\system32\dhcpcsvc.DLL
0x000007fefa6c0000 - 0x000007fefa6d5000 	C:\Windows\system32\NLAapi.dll
0x000007fef88e0000 - 0x000007fef88f5000 	C:\Windows\system32\napinsp.dll
0x000007fef88c0000 - 0x000007fef88d9000 	C:\Windows\system32\pnrpnsp.dll
0x000007fef88b0000 - 0x000007fef88bb000 	C:\Windows\System32\winrnr.dll
0x000007fef1270000 - 0x000007fef127e000 	C:\Users\shree\Documents\Selenium\eclipse\plugins\org.eclipse.justj.openjdk.hotspot.jre.full.win32.x86_64_17.0.1.v20211116-1657\jre\bin\sunmscapi.dll
0x000007fefcfa0000 - 0x000007fefd10d000 	C:\Windows\system32\CRYPT32.dll
0x000007fefce30000 - 0x000007fefce3f000 	C:\Windows\system32\MSASN1.dll
0x000007fefc7a0000 - 0x000007fefc7f0000 	C:\Windows\system32\ncrypt.dll
0x000007fefc770000 - 0x000007fefc792000 	C:\Windows\system32\bcrypt.dll
0x000007fefcc70000 - 0x000007fefccc7000 	C:\Windows\system32\apphelp.dll

dbghelp: loaded successfully - version: 4.0.5 - missing functions: none
symbol engine: initialized successfully - sym options: 0x614 - pdb path: .;C:\Users\shree\Documents\Selenium\eclipse\plugins\org.eclipse.justj.openjdk.hotspot.jre.full.win32.x86_64_17.0.1.v20211116-1657\jre\bin;C:\Windows\SYSTEM32;C:\Windows\WinSxS\amd64_microsoft.windows.common-controls_6595b64144ccf1df_6.0.7601.24483_none_e372d88f30fbb845;C:\Users\shree\Documents\Selenium\eclipse\plugins\org.eclipse.justj.openjdk.hotspot.jre.full.win32.x86_64_17.0.1.v20211116-1657\jre\bin\server

VM Arguments:
jvm_args: -ea -Dfile.encoding=Cp1252 -XX:+ShowCodeDetailsInExceptionMessages 
java_command: org.testng.remote.RemoteTestNG -serport 50773 -protocol json -d C:\Users\shree\Downloads\PolicybossCar\test-output C:\Users\shree\AppData\Local\Temp\testng-eclipse--882625886\testng-customsuite.xml
java_class_path (initial): C:\Users\shree\Documents\Selenium\eclipse\configuration\org.eclipse.osgi\429\0\.cp\lib\testng-remote.jar;C:\Users\shree\Downloads\PolicybossCar\target\test-classes;C:\Users\shree\Downloads\PolicybossCar\target\classes;C:\Users\shree\Documents\Selenium\eclipse\plugins\org.testng_7.4.0.r202105021533.jar;C:\Users\shree\Documents\Selenium\eclipse\plugins\com.beust.jcommander_1.78.0.jar;C:\Users\shree\Documents\Selenium\eclipse\plugins\org.apache-extras.beanshell.bsh_2.0.0.b6.jar;C:\Users\shree\Documents\Selenium\eclipse\plugins\org.yaml.snakeyaml_1.21.0.jar;C:\Users\shree\Documents\Selenium\eclipse\plugins\org.webjars.jquery_3.5.1.jar;C:\Users\shree\.m2\repository\org\seleniumhq\selenium\selenium-java\3.141.59\selenium-java-3.141.59.jar;C:\Users\shree\.m2\repository\org\seleniumhq\selenium\selenium-api\3.141.59\selenium-api-3.141.59.jar;C:\Users\shree\.m2\repository\org\seleniumhq\selenium\selenium-chrome-driver\3.141.59\selenium-chrome-driver-3.141.59.jar;C:\Users\shree\.m2\repository\org\seleniumhq\selenium\selenium-edge-driver\3.141.59\selenium-edge-driver-3.141.59.jar;C:\Users\shree\.m2\repository\org\seleniumhq\selenium\selenium-firefox-driver\3.141.59\selenium-firefox-driver-3.141.59.jar;C:\Users\shree\.m2\repository\org\seleniumhq\selenium\selenium-ie-driver\3.141.59\selenium-ie-driver-3.141.59.jar;C:\Users\shree\.m2\repository\org\seleniumhq\selenium\selenium-opera-driver\3.141.59\selenium-opera-driver-3.141.59.jar;C:\Users\shree\.m2\repository\org\seleniumhq\selenium\selenium-remote-driver\3.141.59\selenium-remote-driver-3.141.59.jar;C:\Users\shree\.m2\repository\org\seleniumhq\selenium\selenium-safari-driver\3.141.59\selenium-safari-driver-3.141.59.jar;C:\Users\shree\.m2\repository\org\seleniumhq\selenium\selenium-support\3.141.59\selenium-support-3.141.59.jar;C:\Users\shree\.m2\repository\net\bytebuddy\byte-buddy\1.8.15\byte-buddy-1.8.15.jar;C:\Users\shree\.m2\repository\org\apache\commons\commons-exec\1.3\commons-exec-1.3.jar;C:\
Launcher Type: SUN_STANDARD

[Global flags]
     intx CICompilerCount                          = 2                                         {product} {ergonomic}
     uint ConcGCThreads                            = 1                                         {product} {ergonomic}
     uint G1ConcRefinementThreads                  = 2                                         {product} {ergonomic}
   size_t G1HeapRegionSize                         = 1048576                                   {product} {ergonomic}
    uintx GCDrainStackTargetSize                   = 64                                        {product} {ergonomic}
   size_t InitialHeapSize                          = 33554432                                  {product} {ergonomic}
   size_t MarkStackSize                            = 4194304                                   {product} {ergonomic}
   size_t MaxHeapSize                              = 534773760                                 {product} {ergonomic}
   size_t MaxNewSize                               = 320864256                                 {product} {ergonomic}
   size_t MinHeapDeltaBytes                        = 1048576                                   {product} {ergonomic}
   size_t MinHeapSize                              = 8388608                                   {product} {ergonomic}
    uintx NonNMethodCodeHeapSize                   = 5826188                                {pd product} {ergonomic}
    uintx NonProfiledCodeHeapSize                  = 122916026                              {pd product} {ergonomic}
    uintx ProfiledCodeHeapSize                     = 122916026                              {pd product} {ergonomic}
    uintx ReservedCodeCacheSize                    = 251658240                              {pd product} {ergonomic}
     bool SegmentedCodeCache                       = true                                      {product} {ergonomic}
     bool ShowCodeDetailsInExceptionMessages       = true                                   {manageable} {command line}
   size_t SoftMaxHeapSize                          = 534773760                              {manageable} {ergonomic}
     bool UseCompressedClassPointers               = true                           {product lp64_product} {ergonomic}
     bool UseCompressedOops                        = true                           {product lp64_product} {ergonomic}
     bool UseG1GC                                  = true                                      {product} {ergonomic}
     bool UseLargePagesIndividualAllocation        = false                                  {pd product} {ergonomic}

Logging:
Log output configuration:
 #0: stdout all=warning uptime,level,tags
 #1: stderr all=off uptime,level,tags

Environment Variables:
JAVA_HOME=C:\Program Files\Java\jdk1.8.0_311
PATH=C:/Users/shree/Documents/Selenium/eclipse//plugins/org.eclipse.justj.openjdk.hotspot.jre.full.win32.x86_64_17.0.1.v20211116-1657/jre/bin/server;C:/Users/shree/Documents/Selenium/eclipse//plugins/org.eclipse.justj.openjdk.hotspot.jre.full.win32.x86_64_17.0.1.v20211116-1657/jre/bin;C:\Program Files\Java\jdk1.8.0_311\bin;C:\Windows\system32;C:\Windows;C:\Windows\System32\Wbem;C:\Windows\System32\WindowsPowerShell\v1.0\;C:\Users\shree\Documents\Selenium\eclipse;
USERNAME=shree
OS=Windows_NT
PROCESSOR_IDENTIFIER=Intel64 Family 6 Model 23 Stepping 10, GenuineIntel



---------------  S Y S T E M  ---------------

OS:
 Windows 7 , 64 bit Build 7601 (6.1.7601.24545)
OS uptime: 0 days 2:21 hours

CPU: total 2 (initial active 2) (2 cores per cpu, 1 threads per core) family 6 model 23 stepping 10 microcode 0x0, cx8, cmov, fxsr, mmx, sse, sse2, sse3, ssse3, sse4.1, tsc, clflush

Memory: 4k page, system-wide physical 2037M (97M free)
TotalPageFile size 8149M (AvailPageFile size 3M)
current process WorkingSet (physical memory assigned to process): 116M, peak: 127M
current process commit charge ("private bytes"): 147M, peak: 160M

vm_info: OpenJDK 64-Bit Server VM (17.0.1+12) for windows-amd64 JRE (17.0.1+12), built on Oct 20 2021 07:42:55 by "" with MS VC++ 16.7 (VS2019)

END.
